Using pre-set license
Built from '2021.3/staging' branch; Version is '2021.3.9f1 (ad3870b89536) revision 11352176'; Using compiler version '192829333'; Build Type 'Release'
OS: 'Windows 10  (10.0.19044) 64bit Core' Language: 'en' Physical Memory: 16085 MB
BatchMode: 1, IsHumanControllingUs: 0, StartBugReporterOnCrash: 0, Is64bit: 1, IsPro: 1

COMMAND LINE ARGUMENTS:
C:\Users\victo\OneDrive\Desktop\School Items\2021.3.9f1\Editor\Unity.exe
-adb2
-batchMode
-noUpm
-name
AssetImportWorker0
-projectPath
C:/Users/victo/OneDrive/Documents/GitHub/NewProgrammingLab/Project Crashers
-logFile
Logs/AssetImportWorker0.log
-srvPort
60485
Successfully changed project path to: C:/Users/victo/OneDrive/Documents/GitHub/NewProgrammingLab/Project Crashers
C:/Users/victo/OneDrive/Documents/GitHub/NewProgrammingLab/Project Crashers
[UnityMemory] Configuration Parameters - Can be set up in boot.config
    "memorysetup-bucket-allocator-granularity=16"
    "memorysetup-bucket-allocator-bucket-count=8"
    "memorysetup-bucket-allocator-block-size=33554432"
    "memorysetup-bucket-allocator-block-count=8"
    "memorysetup-main-allocator-block-size=16777216"
    "memorysetup-thread-allocator-block-size=16777216"
    "memorysetup-gfx-main-allocator-block-size=16777216"
    "memorysetup-gfx-thread-allocator-block-size=16777216"
    "memorysetup-cache-allocator-block-size=4194304"
    "memorysetup-typetree-allocator-block-size=2097152"
    "memorysetup-profiler-bucket-allocator-granularity=16"
    "memorysetup-profiler-bucket-allocator-bucket-count=8"
    "memorysetup-profiler-bucket-allocator-block-size=33554432"
    "memorysetup-profiler-bucket-allocator-block-count=8"
    "memorysetup-profiler-allocator-block-size=16777216"
    "memorysetup-profiler-editor-allocator-block-size=1048576"
    "memorysetup-temp-allocator-size-main=16777216"
    "memorysetup-job-temp-allocator-block-size=2097152"
    "memorysetup-job-temp-allocator-block-size-background=1048576"
    "memorysetup-job-temp-allocator-reduction-small-platforms=262144"
    "memorysetup-temp-allocator-size-background-worker=32768"
    "memorysetup-temp-allocator-size-job-worker=262144"
    "memorysetup-temp-allocator-size-preload-manager=33554432"
    "memorysetup-temp-allocator-size-nav-mesh-worker=65536"
    "memorysetup-temp-allocator-size-audio-worker=65536"
    "memorysetup-temp-allocator-size-cloud-worker=32768"
    "memorysetup-temp-allocator-size-gi-baking-worker=262144"
    "memorysetup-temp-allocator-size-gfx=262144"
Default GameObject Tag: GameController already registered
Refreshing native plugins compatible for Editor in 96.63 ms, found 3 plugins.
Preloading 0 native plugins for Editor in 0.00 ms.
Initialize engine version: 2021.3.9f1 (ad3870b89536)
[Subsystems] Discovering subsystems at path C:/Users/victo/OneDrive/Desktop/School Items/2021.3.9f1/Editor/Data/Resources/UnitySubsystems
[Subsystems] Discovering subsystems at path C:/Users/victo/OneDrive/Documents/GitHub/NewProgrammingLab/Project Crashers/Assets
GfxDevice: creating device client; threaded=0; jobified=0
Direct3D:
    Version:  Direct3D 11.0 [level 11.1]
    Renderer: NVIDIA GeForce RTX 3060 Laptop GPU (ID=0x2520)
    Vendor:   NVIDIA
    VRAM:     6023 MB
    Driver:   31.0.15.1659
Initialize mono
Mono path[0] = 'C:/Users/victo/OneDrive/Desktop/School Items/2021.3.9f1/Editor/Data/Managed'
Mono path[1] = 'C:/Users/victo/OneDrive/Desktop/School Items/2021.3.9f1/Editor/Data/MonoBleedingEdge/lib/mono/unityjit-win32'
Mono config path = 'C:/Users/victo/OneDrive/Desktop/School Items/2021.3.9f1/Editor/Data/MonoBleedingEdge/etc'
Using monoOptions --debugger-agent=transport=dt_socket,embedding=1,server=y,suspend=n,address=127.0.0.1:56180
Begin MonoManager ReloadAssembly
Registering precompiled unity dll's ...
Register platform support module: C:/Users/victo/OneDrive/Desktop/School Items/2021.3.9f1/Editor/Data/PlaybackEngines/WebGLSupport/UnityEditor.WebGL.Extensions.dll
Register platform support module: C:/Users/victo/OneDrive/Desktop/School Items/2021.3.9f1/Editor/Data/PlaybackEngines/WindowsStandaloneSupport/UnityEditor.WindowsStandalone.Extensions.dll
Registered in 0.009876 seconds.
Native extension for WindowsStandalone target not found
Native extension for WebGL target not found
Refreshing native plugins compatible for Editor in 86.89 ms, found 3 plugins.
Preloading 0 native plugins for Editor in 0.00 ms.
Mono: successfully reloaded assembly
- Completed reload, in  0.677 seconds
Domain Reload Profiling:
	ReloadAssembly (677ms)
		BeginReloadAssembly (76ms)
			ExecutionOrderSort (0ms)
			DisableScriptedObjects (0ms)
			BackupInstance (0ms)
			ReleaseScriptingObjects (0ms)
			CreateAndSetChildDomain (1ms)
		EndReloadAssembly (474ms)
			LoadAssemblies (75ms)
			RebuildTransferFunctionScriptingTraits (0ms)
			SetupTypeCache (111ms)
			ReleaseScriptCaches (0ms)
			RebuildScriptCaches (30ms)
			SetupLoadedEditorAssemblies (286ms)
				LogAssemblyErrors (0ms)
				InitializePlatformSupportModulesInManaged (11ms)
				SetLoadedEditorAssemblies (0ms)
				RefreshPlugins (87ms)
				BeforeProcessingInitializeOnLoad (1ms)
				ProcessInitializeOnLoadAttributes (145ms)
				ProcessInitializeOnLoadMethodAttributes (42ms)
				AfterProcessingInitializeOnLoad (0ms)
				EditorAssembliesLoaded (0ms)
			ExecutionOrderSort2 (0ms)
			AwakeInstancesAfterBackupRestoration (0ms)
Platform modules already initialized, skipping
Registering precompiled user dll's ...
Registered in 0.007543 seconds.
Begin MonoManager ReloadAssembly
Symbol file LoadedFromMemory doesn't match image C:\Users\victo\OneDrive\Documents\GitHub\NewProgrammingLab\Project Crashers\Library\PackageCache\com.unity.visualscripting@1.7.8\Editor\VisualScripting.Core\Dependencies\YamlDotNet\Unity.VisualScripting.YamlDotNet.dll
Symbol file LoadedFromMemory doesn't match image C:\Users\victo\OneDrive\Documents\GitHub\NewProgrammingLab\Project Crashers\Library\PackageCache\com.unity.visualscripting@1.7.8\Editor\VisualScripting.Core\Dependencies\DotNetZip\Unity.VisualScripting.IonicZip.dll
Native extension for WindowsStandalone target not found
Native extension for WebGL target not found
Refreshing native plugins compatible for Editor in 0.78 ms, found 3 plugins.
Preloading 0 native plugins for Editor in 0.00 ms.
Mono: successfully reloaded assembly
- Completed reload, in  1.159 seconds
Domain Reload Profiling:
	ReloadAssembly (1160ms)
		BeginReloadAssembly (109ms)
			ExecutionOrderSort (0ms)
			DisableScriptedObjects (7ms)
			BackupInstance (0ms)
			ReleaseScriptingObjects (0ms)
			CreateAndSetChildDomain (19ms)
		EndReloadAssembly (909ms)
			LoadAssemblies (89ms)
			RebuildTransferFunctionScriptingTraits (0ms)
			SetupTypeCache (301ms)
			ReleaseScriptCaches (1ms)
			RebuildScriptCaches (55ms)
			SetupLoadedEditorAssemblies (410ms)
				LogAssemblyErrors (0ms)
				InitializePlatformSupportModulesInManaged (9ms)
				SetLoadedEditorAssemblies (1ms)
				RefreshPlugins (1ms)
				BeforeProcessingInitializeOnLoad (108ms)
				ProcessInitializeOnLoadAttributes (250ms)
				ProcessInitializeOnLoadMethodAttributes (31ms)
				AfterProcessingInitializeOnLoad (12ms)
				EditorAssembliesLoaded (0ms)
			ExecutionOrderSort2 (0ms)
			AwakeInstancesAfterBackupRestoration (6ms)
Platform modules already initialized, skipping
========================================================================
Worker process is ready to serve import requests
Default GameObject Tag: GameController already registered
Launched and connected shader compiler UnityShaderCompiler.exe after 0.04 seconds
Refreshing native plugins compatible for Editor in 0.50 ms, found 3 plugins.
Preloading 0 native plugins for Editor in 0.00 ms.
Unloading 3391 Unused Serialized files (Serialized files now loaded: 0)
Unloading 25 unused Assets / (55.4 KB). Loaded Objects now: 3851.
Memory consumption went from 117.9 MB to 117.9 MB.
Total: 2.711500 ms (FindLiveObjects: 0.220100 ms CreateObjectMapping: 0.084300 ms MarkObjects: 2.346900 ms  DeleteObjects: 0.059500 ms)

AssetImportParameters requested are different than current active one (requested -> active):
  custom:video-decoder-ogg-theora: a1e56fd34408186e4bbccfd4996cb3dc -> 
  custom:container-muxer-webm: aa71ff27fc2769a1b78a27578f13a17b -> 
  custom:container-demuxer-webm: 4f35f7cbe854078d1ac9338744f61a02 -> 
  custom:video-encoder-webm-vp8: eb34c28f22e8b96e1ab97ce403110664 -> 
  custom:audio-encoder-webm-vorbis: bf7c407c2cedff20999df2af8eb42d56 -> 
  custom:framework-win-MediaFoundation: 216162199b28c13a410421893ffa2e32 -> 
  custom:container-demuxer-ogg: 62fdf1f143b41e24485cea50d1cbac27 -> 
  custom:video-decoder-webm-vp8: 9c59270c3fd7afecdb556c50c9e8de78 -> 
  custom:audio-decoder-ogg-vorbis: bf7c407c2cedff20999df2af8eb42d56 -> 
========================================================================
Received Import Request.
  Time since last request: 472403.488045 seconds.
  path: Assets/Script/Pickups/Health Drops/Pills.cs
  artifactKey: Guid(f1702e00533a8204d85d858e5deeed43) Importer(815301076,1909f56bfc062723c751e8b465ee728b)
Start importing Assets/Script/Pickups/Health Drops/Pills.cs using Guid(f1702e00533a8204d85d858e5deeed43) Importer(815301076,1909f56bfc062723c751e8b465ee728b)  -> (artifact id: 'bf6e2f906ac1a707a790ab102db29ab6') in 0.078114 seconds 
========================================================================
Received Import Request.
  Time since last request: 854.667362 seconds.
  path: Assets/Script/Data
  artifactKey: Guid(42b514bc0e64e264ba866420ad29c206) Importer(815301076,1909f56bfc062723c751e8b465ee728b)
Start importing Assets/Script/Data using Guid(42b514bc0e64e264ba866420ad29c206) Importer(815301076,1909f56bfc062723c751e8b465ee728b)  -> (artifact id: '8d640886c06728b258bbb56e12eeb02d') in 0.008156 seconds 
========================================================================
Received Prepare
Default GameObject Tag: GameController already registered
Registering precompiled user dll's ...
Registered in 0.005488 seconds.
Begin MonoManager ReloadAssembly
Symbol file LoadedFromMemory doesn't match image C:\Users\victo\OneDrive\Documents\GitHub\NewProgrammingLab\Project Crashers\Library\PackageCache\com.unity.visualscripting@1.7.8\Editor\VisualScripting.Core\Dependencies\YamlDotNet\Unity.VisualScripting.YamlDotNet.dll
Symbol file LoadedFromMemory doesn't match image C:\Users\victo\OneDrive\Documents\GitHub\NewProgrammingLab\Project Crashers\Library\PackageCache\com.unity.visualscripting@1.7.8\Editor\VisualScripting.Core\Dependencies\DotNetZip\Unity.VisualScripting.IonicZip.dll
Native extension for WindowsStandalone target not found
Native extension for WebGL target not found
Refreshing native plugins compatible for Editor in 0.65 ms, found 3 plugins.
Preloading 0 native plugins for Editor in 0.00 ms.
Mono: successfully reloaded assembly
- Completed reload, in  1.029 seconds
Domain Reload Profiling:
	ReloadAssembly (1030ms)
		BeginReloadAssembly (148ms)
			ExecutionOrderSort (0ms)
			DisableScriptedObjects (6ms)
			BackupInstance (0ms)
			ReleaseScriptingObjects (0ms)
			CreateAndSetChildDomain (45ms)
		EndReloadAssembly (775ms)
			LoadAssemblies (84ms)
			RebuildTransferFunctionScriptingTraits (0ms)
			SetupTypeCache (259ms)
			ReleaseScriptCaches (2ms)
			RebuildScriptCaches (44ms)
			SetupLoadedEditorAssemblies (337ms)
				LogAssemblyErrors (0ms)
				InitializePlatformSupportModulesInManaged (14ms)
				SetLoadedEditorAssemblies (0ms)
				RefreshPlugins (1ms)
				BeforeProcessingInitializeOnLoad (74ms)
				ProcessInitializeOnLoadAttributes (211ms)
				ProcessInitializeOnLoadMethodAttributes (26ms)
				AfterProcessingInitializeOnLoad (11ms)
				EditorAssembliesLoaded (0ms)
			ExecutionOrderSort2 (0ms)
			AwakeInstancesAfterBackupRestoration (6ms)
Platform modules already initialized, skipping
Refreshing native plugins compatible for Editor in 2.48 ms, found 3 plugins.
Preloading 0 native plugins for Editor in 0.00 ms.
Unloading 3385 Unused Serialized files (Serialized files now loaded: 0)
Unloading 18 unused Assets / (24.7 KB). Loaded Objects now: 3855.
Memory consumption went from 117.7 MB to 117.6 MB.
Total: 2.694200 ms (FindLiveObjects: 0.273400 ms CreateObjectMapping: 0.117000 ms MarkObjects: 2.248000 ms  DeleteObjects: 0.054700 ms)

AssetImportParameters requested are different than current active one (requested -> active):
  custom:video-decoder-ogg-theora: a1e56fd34408186e4bbccfd4996cb3dc -> 
  custom:container-muxer-webm: aa71ff27fc2769a1b78a27578f13a17b -> 
  custom:container-demuxer-webm: 4f35f7cbe854078d1ac9338744f61a02 -> 
  custom:video-encoder-webm-vp8: eb34c28f22e8b96e1ab97ce403110664 -> 
  custom:audio-encoder-webm-vorbis: bf7c407c2cedff20999df2af8eb42d56 -> 
  custom:framework-win-MediaFoundation: 216162199b28c13a410421893ffa2e32 -> 
  custom:container-demuxer-ogg: 62fdf1f143b41e24485cea50d1cbac27 -> 
  custom:video-decoder-webm-vp8: 9c59270c3fd7afecdb556c50c9e8de78 -> 
  custom:audio-decoder-ogg-vorbis: bf7c407c2cedff20999df2af8eb42d56 -> 
========================================================================
Received Import Request.
  Time since last request: 93.121732 seconds.
  path: Assets/Script/Data/Data.cs
  artifactKey: Guid(3f0ac11263fbccc4383a77749e71f2bf) Importer(815301076,1909f56bfc062723c751e8b465ee728b)
Start importing Assets/Script/Data/Data.cs using Guid(3f0ac11263fbccc4383a77749e71f2bf) Importer(815301076,1909f56bfc062723c751e8b465ee728b)  -> (artifact id: '8cc2f34b862822e55f31d15a4be90722') in 0.007607 seconds 
========================================================================
Received Import Request.
  Time since last request: 208.805900 seconds.
  path: Assets/Script/Data/Data.cs
  artifactKey: Guid(3f0ac11263fbccc4383a77749e71f2bf) Importer(815301076,1909f56bfc062723c751e8b465ee728b)
Start importing Assets/Script/Data/Data.cs using Guid(3f0ac11263fbccc4383a77749e71f2bf) Importer(815301076,1909f56bfc062723c751e8b465ee728b)  -> (artifact id: 'd98d95bac9664422dbf4daf0ca249955') in 0.002216 seconds 
========================================================================
Received Prepare
Default GameObject Tag: GameController already registered
Registering precompiled user dll's ...
Registered in 0.004952 seconds.
Begin MonoManager ReloadAssembly
Symbol file LoadedFromMemory doesn't match image C:\Users\victo\OneDrive\Documents\GitHub\NewProgrammingLab\Project Crashers\Library\PackageCache\com.unity.visualscripting@1.7.8\Editor\VisualScripting.Core\Dependencies\YamlDotNet\Unity.VisualScripting.YamlDotNet.dll
Symbol file LoadedFromMemory doesn't match image C:\Users\victo\OneDrive\Documents\GitHub\NewProgrammingLab\Project Crashers\Library\PackageCache\com.unity.visualscripting@1.7.8\Editor\VisualScripting.Core\Dependencies\DotNetZip\Unity.VisualScripting.IonicZip.dll
Native extension for WindowsStandalone target not found
Native extension for WebGL target not found
Refreshing native plugins compatible for Editor in 0.70 ms, found 3 plugins.
Preloading 0 native plugins for Editor in 0.00 ms.
Mono: successfully reloaded assembly
- Completed reload, in  1.021 seconds
Domain Reload Profiling:
	ReloadAssembly (1022ms)
		BeginReloadAssembly (134ms)
			ExecutionOrderSort (0ms)
			DisableScriptedObjects (6ms)
			BackupInstance (0ms)
			ReleaseScriptingObjects (0ms)
			CreateAndSetChildDomain (39ms)
		EndReloadAssembly (786ms)
			LoadAssemblies (84ms)
			RebuildTransferFunctionScriptingTraits (0ms)
			SetupTypeCache (280ms)
			ReleaseScriptCaches (2ms)
			RebuildScriptCaches (45ms)
			SetupLoadedEditorAssemblies (346ms)
				LogAssemblyErrors (0ms)
				InitializePlatformSupportModulesInManaged (13ms)
				SetLoadedEditorAssemblies (0ms)
				RefreshPlugins (1ms)
				BeforeProcessingInitializeOnLoad (74ms)
				ProcessInitializeOnLoadAttributes (219ms)
				ProcessInitializeOnLoadMethodAttributes (25ms)
				AfterProcessingInitializeOnLoad (13ms)
				EditorAssembliesLoaded (0ms)
			ExecutionOrderSort2 (0ms)
			AwakeInstancesAfterBackupRestoration (6ms)
Platform modules already initialized, skipping
Refreshing native plugins compatible for Editor in 2.02 ms, found 3 plugins.
Preloading 0 native plugins for Editor in 0.00 ms.
Unloading 3385 Unused Serialized files (Serialized files now loaded: 0)
Unloading 18 unused Assets / (24.8 KB). Loaded Objects now: 3858.
Memory consumption went from 117.7 MB to 117.7 MB.
Total: 3.893900 ms (FindLiveObjects: 0.216300 ms CreateObjectMapping: 0.090100 ms MarkObjects: 3.563200 ms  DeleteObjects: 0.023300 ms)

AssetImportParameters requested are different than current active one (requested -> active):
  custom:video-decoder-ogg-theora: a1e56fd34408186e4bbccfd4996cb3dc -> 
  custom:container-muxer-webm: aa71ff27fc2769a1b78a27578f13a17b -> 
  custom:container-demuxer-webm: 4f35f7cbe854078d1ac9338744f61a02 -> 
  custom:video-encoder-webm-vp8: eb34c28f22e8b96e1ab97ce403110664 -> 
  custom:audio-encoder-webm-vorbis: bf7c407c2cedff20999df2af8eb42d56 -> 
  custom:framework-win-MediaFoundation: 216162199b28c13a410421893ffa2e32 -> 
  custom:container-demuxer-ogg: 62fdf1f143b41e24485cea50d1cbac27 -> 
  custom:video-decoder-webm-vp8: 9c59270c3fd7afecdb556c50c9e8de78 -> 
  custom:audio-decoder-ogg-vorbis: bf7c407c2cedff20999df2af8eb42d56 -> 
========================================================================
Received Import Request.
  Time since last request: 321.922384 seconds.
  path: Assets/Script/Data/Data.cs
  artifactKey: Guid(3f0ac11263fbccc4383a77749e71f2bf) Importer(815301076,1909f56bfc062723c751e8b465ee728b)
Start importing Assets/Script/Data/Data.cs using Guid(3f0ac11263fbccc4383a77749e71f2bf) Importer(815301076,1909f56bfc062723c751e8b465ee728b)  -> (artifact id: '672bdb214418429f93943f2908369441') in 0.010903 seconds 
========================================================================
Received Prepare
Default GameObject Tag: GameController already registered
Registering precompiled user dll's ...
Registered in 0.004924 seconds.
Begin MonoManager ReloadAssembly
Symbol file LoadedFromMemory doesn't match image C:\Users\victo\OneDrive\Documents\GitHub\NewProgrammingLab\Project Crashers\Library\PackageCache\com.unity.visualscripting@1.7.8\Editor\VisualScripting.Core\Dependencies\YamlDotNet\Unity.VisualScripting.YamlDotNet.dll
Symbol file LoadedFromMemory doesn't match image C:\Users\victo\OneDrive\Documents\GitHub\NewProgrammingLab\Project Crashers\Library\PackageCache\com.unity.visualscripting@1.7.8\Editor\VisualScripting.Core\Dependencies\DotNetZip\Unity.VisualScripting.IonicZip.dll
Native extension for WindowsStandalone target not found
Native extension for WebGL target not found
Refreshing native plugins compatible for Editor in 0.83 ms, found 3 plugins.
Preloading 0 native plugins for Editor in 0.00 ms.
Mono: successfully reloaded assembly
- Completed reload, in  1.049 seconds
Domain Reload Profiling:
	ReloadAssembly (1050ms)
		BeginReloadAssembly (140ms)
			ExecutionOrderSort (0ms)
			DisableScriptedObjects (4ms)
			BackupInstance (0ms)
			ReleaseScriptingObjects (0ms)
			CreateAndSetChildDomain (40ms)
		EndReloadAssembly (799ms)
			LoadAssemblies (87ms)
			RebuildTransferFunctionScriptingTraits (0ms)
			SetupTypeCache (281ms)
			ReleaseScriptCaches (2ms)
			RebuildScriptCaches (45ms)
			SetupLoadedEditorAssemblies (342ms)
				LogAssemblyErrors (0ms)
				InitializePlatformSupportModulesInManaged (16ms)
				SetLoadedEditorAssemblies (1ms)
				RefreshPlugins (1ms)
				BeforeProcessingInitializeOnLoad (76ms)
				ProcessInitializeOnLoadAttributes (206ms)
				ProcessInitializeOnLoadMethodAttributes (28ms)
				AfterProcessingInitializeOnLoad (14ms)
				EditorAssembliesLoaded (0ms)
			ExecutionOrderSort2 (0ms)
			AwakeInstancesAfterBackupRestoration (7ms)
Platform modules already initialized, skipping
Refreshing native plugins compatible for Editor in 2.18 ms, found 3 plugins.
Preloading 0 native plugins for Editor in 0.00 ms.
Unloading 3385 Unused Serialized files (Serialized files now loaded: 0)
Unloading 18 unused Assets / (24.7 KB). Loaded Objects now: 3861.
Memory consumption went from 117.7 MB to 117.7 MB.
Total: 2.930900 ms (FindLiveObjects: 0.241500 ms CreateObjectMapping: 0.142700 ms MarkObjects: 2.525400 ms  DeleteObjects: 0.020500 ms)

AssetImportParameters requested are different than current active one (requested -> active):
  custom:video-decoder-ogg-theora: a1e56fd34408186e4bbccfd4996cb3dc -> 
  custom:container-muxer-webm: aa71ff27fc2769a1b78a27578f13a17b -> 
  custom:container-demuxer-webm: 4f35f7cbe854078d1ac9338744f61a02 -> 
  custom:video-encoder-webm-vp8: eb34c28f22e8b96e1ab97ce403110664 -> 
  custom:audio-encoder-webm-vorbis: bf7c407c2cedff20999df2af8eb42d56 -> 
  custom:framework-win-MediaFoundation: 216162199b28c13a410421893ffa2e32 -> 
  custom:container-demuxer-ogg: 62fdf1f143b41e24485cea50d1cbac27 -> 
  custom:video-decoder-webm-vp8: 9c59270c3fd7afecdb556c50c9e8de78 -> 
  custom:audio-decoder-ogg-vorbis: bf7c407c2cedff20999df2af8eb42d56 -> 
========================================================================
Received Prepare
Default GameObject Tag: GameController already registered
Registering precompiled user dll's ...
Registered in 0.007065 seconds.
Begin MonoManager ReloadAssembly
Symbol file LoadedFromMemory doesn't match image C:\Users\victo\OneDrive\Documents\GitHub\NewProgrammingLab\Project Crashers\Library\PackageCache\com.unity.visualscripting@1.7.8\Editor\VisualScripting.Core\Dependencies\YamlDotNet\Unity.VisualScripting.YamlDotNet.dll
Symbol file LoadedFromMemory doesn't match image C:\Users\victo\OneDrive\Documents\GitHub\NewProgrammingLab\Project Crashers\Library\PackageCache\com.unity.visualscripting@1.7.8\Editor\VisualScripting.Core\Dependencies\DotNetZip\Unity.VisualScripting.IonicZip.dll
Native extension for WindowsStandalone target not found
Native extension for WebGL target not found
Refreshing native plugins compatible for Editor in 0.88 ms, found 3 plugins.
Preloading 0 native plugins for Editor in 0.00 ms.
Mono: successfully reloaded assembly
- Completed reload, in  1.084 seconds
Domain Reload Profiling:
	ReloadAssembly (1085ms)
		BeginReloadAssembly (140ms)
			ExecutionOrderSort (0ms)
			DisableScriptedObjects (4ms)
			BackupInstance (0ms)
			ReleaseScriptingObjects (0ms)
			CreateAndSetChildDomain (39ms)
		EndReloadAssembly (835ms)
			LoadAssemblies (98ms)
			RebuildTransferFunctionScriptingTraits (0ms)
			SetupTypeCache (288ms)
			ReleaseScriptCaches (2ms)
			RebuildScriptCaches (45ms)
			SetupLoadedEditorAssemblies (358ms)
				LogAssemblyErrors (0ms)
				InitializePlatformSupportModulesInManaged (18ms)
				SetLoadedEditorAssemblies (1ms)
				RefreshPlugins (1ms)
				BeforeProcessingInitializeOnLoad (85ms)
				ProcessInitializeOnLoadAttributes (217ms)
				ProcessInitializeOnLoadMethodAttributes (27ms)
				AfterProcessingInitializeOnLoad (11ms)
				EditorAssembliesLoaded (0ms)
			ExecutionOrderSort2 (0ms)
			AwakeInstancesAfterBackupRestoration (6ms)
Platform modules already initialized, skipping
Refreshing native plugins compatible for Editor in 2.08 ms, found 3 plugins.
Preloading 0 native plugins for Editor in 0.00 ms.
Unloading 3385 Unused Serialized files (Serialized files now loaded: 0)
Unloading 18 unused Assets / (24.7 KB). Loaded Objects now: 3864.
Memory consumption went from 117.7 MB to 117.7 MB.
Total: 3.428300 ms (FindLiveObjects: 0.268900 ms CreateObjectMapping: 0.134000 ms MarkObjects: 2.989000 ms  DeleteObjects: 0.035000 ms)

AssetImportParameters requested are different than current active one (requested -> active):
  custom:video-decoder-ogg-theora: a1e56fd34408186e4bbccfd4996cb3dc -> 
  custom:container-muxer-webm: aa71ff27fc2769a1b78a27578f13a17b -> 
  custom:container-demuxer-webm: 4f35f7cbe854078d1ac9338744f61a02 -> 
  custom:video-encoder-webm-vp8: eb34c28f22e8b96e1ab97ce403110664 -> 
  custom:audio-encoder-webm-vorbis: bf7c407c2cedff20999df2af8eb42d56 -> 
  custom:framework-win-MediaFoundation: 216162199b28c13a410421893ffa2e32 -> 
  custom:container-demuxer-ogg: 62fdf1f143b41e24485cea50d1cbac27 -> 
  custom:video-decoder-webm-vp8: 9c59270c3fd7afecdb556c50c9e8de78 -> 
  custom:audio-decoder-ogg-vorbis: bf7c407c2cedff20999df2af8eb42d56 -> 
========================================================================
Received Import Request.
  Time since last request: 434.630241 seconds.
  path: Assets/Script/Data/DataManager.cs
  artifactKey: Guid(4a69641bbef2902468f9cbfcec453954) Importer(815301076,1909f56bfc062723c751e8b465ee728b)
Start importing Assets/Script/Data/DataManager.cs using Guid(4a69641bbef2902468f9cbfcec453954) Importer(815301076,1909f56bfc062723c751e8b465ee728b)  -> (artifact id: '1239c4c73e04b5bd6a70180dd1698dcb') in 0.015036 seconds 
========================================================================
Received Prepare
Default GameObject Tag: GameController already registered
Registering precompiled user dll's ...
Registered in 0.005458 seconds.
Begin MonoManager ReloadAssembly
Symbol file LoadedFromMemory doesn't match image C:\Users\victo\OneDrive\Documents\GitHub\NewProgrammingLab\Project Crashers\Library\PackageCache\com.unity.visualscripting@1.7.8\Editor\VisualScripting.Core\Dependencies\YamlDotNet\Unity.VisualScripting.YamlDotNet.dll
Symbol file LoadedFromMemory doesn't match image C:\Users\victo\OneDrive\Documents\GitHub\NewProgrammingLab\Project Crashers\Library\PackageCache\com.unity.visualscripting@1.7.8\Editor\VisualScripting.Core\Dependencies\DotNetZip\Unity.VisualScripting.IonicZip.dll
Native extension for WindowsStandalone target not found
Native extension for WebGL target not found
Refreshing native plugins compatible for Editor in 0.93 ms, found 3 plugins.
Preloading 0 native plugins for Editor in 0.00 ms.
Mono: successfully reloaded assembly
- Completed reload, in  1.012 seconds
Domain Reload Profiling:
	ReloadAssembly (1012ms)
		BeginReloadAssembly (138ms)
			ExecutionOrderSort (0ms)
			DisableScriptedObjects (4ms)
			BackupInstance (0ms)
			ReleaseScriptingObjects (0ms)
			CreateAndSetChildDomain (41ms)
		EndReloadAssembly (749ms)
			LoadAssemblies (89ms)
			RebuildTransferFunctionScriptingTraits (0ms)
			SetupTypeCache (245ms)
			ReleaseScriptCaches (2ms)
			RebuildScriptCaches (41ms)
			SetupLoadedEditorAssemblies (323ms)
				LogAssemblyErrors (0ms)
				InitializePlatformSupportModulesInManaged (15ms)
				SetLoadedEditorAssemblies (1ms)
				RefreshPlugins (1ms)
				BeforeProcessingInitializeOnLoad (64ms)
				ProcessInitializeOnLoadAttributes (202ms)
				ProcessInitializeOnLoadMethodAttributes (30ms)
				AfterProcessingInitializeOnLoad (10ms)
				EditorAssembliesLoaded (0ms)
			ExecutionOrderSort2 (0ms)
			AwakeInstancesAfterBackupRestoration (6ms)
Platform modules already initialized, skipping
Refreshing native plugins compatible for Editor in 3.62 ms, found 3 plugins.
Preloading 0 native plugins for Editor in 0.00 ms.
Unloading 3386 Unused Serialized files (Serialized files now loaded: 0)
Unloading 18 unused Assets / (24.6 KB). Loaded Objects now: 3868.
Memory consumption went from 117.7 MB to 117.7 MB.
Total: 4.978100 ms (FindLiveObjects: 0.324300 ms CreateObjectMapping: 0.223400 ms MarkObjects: 4.395600 ms  DeleteObjects: 0.034000 ms)

AssetImportParameters requested are different than current active one (requested -> active):
  custom:video-decoder-ogg-theora: a1e56fd34408186e4bbccfd4996cb3dc -> 
  custom:container-muxer-webm: aa71ff27fc2769a1b78a27578f13a17b -> 
  custom:container-demuxer-webm: 4f35f7cbe854078d1ac9338744f61a02 -> 
  custom:video-encoder-webm-vp8: eb34c28f22e8b96e1ab97ce403110664 -> 
  custom:audio-encoder-webm-vorbis: bf7c407c2cedff20999df2af8eb42d56 -> 
  custom:framework-win-MediaFoundation: 216162199b28c13a410421893ffa2e32 -> 
  custom:container-demuxer-ogg: 62fdf1f143b41e24485cea50d1cbac27 -> 
  custom:video-decoder-webm-vp8: 9c59270c3fd7afecdb556c50c9e8de78 -> 
  custom:audio-decoder-ogg-vorbis: bf7c407c2cedff20999df2af8eb42d56 -> 
========================================================================
Received Import Request.
  Time since last request: 2067.281935 seconds.
  path: Assets/Script/Data/DataManager.cs
  artifactKey: Guid(4a69641bbef2902468f9cbfcec453954) Importer(815301076,1909f56bfc062723c751e8b465ee728b)
Start importing Assets/Script/Data/DataManager.cs using Guid(4a69641bbef2902468f9cbfcec453954) Importer(815301076,1909f56bfc062723c751e8b465ee728b)  -> (artifact id: '436c5add26a288cde31e731c916ca391') in 0.018089 seconds 
========================================================================
Received Import Request.
  Time since last request: 21.468152 seconds.
  path: Assets/Script/Data/DataManager.cs
  artifactKey: Guid(4a69641bbef2902468f9cbfcec453954) Importer(815301076,1909f56bfc062723c751e8b465ee728b)
Start importing Assets/Script/Data/DataManager.cs using Guid(4a69641bbef2902468f9cbfcec453954) Importer(815301076,1909f56bfc062723c751e8b465ee728b)  -> (artifact id: '6b828a0fccbf0e215b1e491b4f4551d5') in 0.003419 seconds 
========================================================================
Received Import Request.
  Time since last request: 30.785338 seconds.
  path: Assets/Script/Data/DataManager.cs
  artifactKey: Guid(4a69641bbef2902468f9cbfcec453954) Importer(815301076,1909f56bfc062723c751e8b465ee728b)
Start importing Assets/Script/Data/DataManager.cs using Guid(4a69641bbef2902468f9cbfcec453954) Importer(815301076,1909f56bfc062723c751e8b465ee728b)  -> (artifact id: '9303b900a3895be95fb7c14a4bbd0834') in 0.003484 seconds 
========================================================================
Received Import Request.
  Time since last request: 101.401909 seconds.
  path: Assets/Script/Data/Filehandler.cs
  artifactKey: Guid(660f926deaf5dc0488964509c4bdf936) Importer(815301076,1909f56bfc062723c751e8b465ee728b)
Start importing Assets/Script/Data/Filehandler.cs using Guid(660f926deaf5dc0488964509c4bdf936) Importer(815301076,1909f56bfc062723c751e8b465ee728b)  -> (artifact id: '149f138bc99bd575806a1607b4ada432') in 0.009892 seconds 
========================================================================
Received Import Request.
  Time since last request: 22.762884 seconds.
  path: Assets/Script/Data/FileHandler.cs
  artifactKey: Guid(660f926deaf5dc0488964509c4bdf936) Importer(815301076,1909f56bfc062723c751e8b465ee728b)
Start importing Assets/Script/Data/FileHandler.cs using Guid(660f926deaf5dc0488964509c4bdf936) Importer(815301076,1909f56bfc062723c751e8b465ee728b)  -> (artifact id: '425ab98f62d43e6170d2ef4547f75c61') in 0.015032 seconds 
========================================================================
Received Import Request.
  Time since last request: 45.155819 seconds.
  path: Assets/Script/Data/FileHandler.cs
  artifactKey: Guid(660f926deaf5dc0488964509c4bdf936) Importer(815301076,1909f56bfc062723c751e8b465ee728b)
Start importing Assets/Script/Data/FileHandler.cs using Guid(660f926deaf5dc0488964509c4bdf936) Importer(815301076,1909f56bfc062723c751e8b465ee728b)  -> (artifact id: '60c41a972797fb7f5200d79035057e65') in 0.001857 seconds 
========================================================================
Received Import Request.
  Time since last request: 17.880430 seconds.
  path: Assets/Script/Data/FileHandler.cs
  artifactKey: Guid(660f926deaf5dc0488964509c4bdf936) Importer(815301076,1909f56bfc062723c751e8b465ee728b)
Start importing Assets/Script/Data/FileHandler.cs using Guid(660f926deaf5dc0488964509c4bdf936) Importer(815301076,1909f56bfc062723c751e8b465ee728b)  -> (artifact id: '76023606a5c5af9f18f19731db049a8a') in 0.001983 seconds 
========================================================================
Received Import Request.
  Time since last request: 678.327366 seconds.
  path: Assets/Script/Data/NewBehaviourScript.cs
  artifactKey: Guid(72ad6f996b0a29e4ba6f7a393a283391) Importer(815301076,1909f56bfc062723c751e8b465ee728b)
Start importing Assets/Script/Data/NewBehaviourScript.cs using Guid(72ad6f996b0a29e4ba6f7a393a283391) Importer(815301076,1909f56bfc062723c751e8b465ee728b)  -> (artifact id: '80ba2c84546ac361ccff28634021cf42') in 0.007734 seconds 
========================================================================
Received Import Request.
  Time since last request: 26.864768 seconds.
  path: Assets/Script/Data/NewBehaviourScript.cs
  artifactKey: Guid(72ad6f996b0a29e4ba6f7a393a283391) Importer(815301076,1909f56bfc062723c751e8b465ee728b)
Start importing Assets/Script/Data/NewBehaviourScript.cs using Guid(72ad6f996b0a29e4ba6f7a393a283391) Importer(815301076,1909f56bfc062723c751e8b465ee728b)  -> (artifact id: 'b7661f9afdce09716f9801a09439d14b') in 0.002289 seconds 
========================================================================
Received Import Request.
  Time since last request: 9.260707 seconds.
  path: Assets/Script/Data/IData.cs
  artifactKey: Guid(72ad6f996b0a29e4ba6f7a393a283391) Importer(815301076,1909f56bfc062723c751e8b465ee728b)
Start importing Assets/Script/Data/IData.cs using Guid(72ad6f996b0a29e4ba6f7a393a283391) Importer(815301076,1909f56bfc062723c751e8b465ee728b)  -> (artifact id: '03ff907592a40afddc827d20219d1702') in 0.007421 seconds 
========================================================================
Received Import Request.
  Time since last request: 73.402332 seconds.
  path: Assets/Script/Data/IData.cs
  artifactKey: Guid(72ad6f996b0a29e4ba6f7a393a283391) Importer(815301076,1909f56bfc062723c751e8b465ee728b)
Start importing Assets/Script/Data/IData.cs using Guid(72ad6f996b0a29e4ba6f7a393a283391) Importer(815301076,1909f56bfc062723c751e8b465ee728b)  -> (artifact id: '39fe4b8e612186ae046439ae120c3923') in 0.002051 seconds 
========================================================================
Received Import Request.
  Time since last request: 133.091000 seconds.
  path: Assets/Script/Data/DataManager.cs
  artifactKey: Guid(4a69641bbef2902468f9cbfcec453954) Importer(815301076,1909f56bfc062723c751e8b465ee728b)
Start importing Assets/Script/Data/DataManager.cs using Guid(4a69641bbef2902468f9cbfcec453954) Importer(815301076,1909f56bfc062723c751e8b465ee728b)  -> (artifact id: 'd827e0cb0c737a3c9fc23db88d660097') in 0.002397 seconds 
========================================================================
Received Prepare
Default GameObject Tag: GameController already registered
Registering precompiled user dll's ...
Registered in 0.006151 seconds.
Begin MonoManager ReloadAssembly
Symbol file LoadedFromMemory doesn't match image C:\Users\victo\OneDrive\Documents\GitHub\NewProgrammingLab\Project Crashers\Library\PackageCache\com.unity.visualscripting@1.7.8\Editor\VisualScripting.Core\Dependencies\YamlDotNet\Unity.VisualScripting.YamlDotNet.dll
Symbol file LoadedFromMemory doesn't match image C:\Users\victo\OneDrive\Documents\GitHub\NewProgrammingLab\Project Crashers\Library\PackageCache\com.unity.visualscripting@1.7.8\Editor\VisualScripting.Core\Dependencies\DotNetZip\Unity.VisualScripting.IonicZip.dll
Native extension for WindowsStandalone target not found
Native extension for WebGL target not found
Refreshing native plugins compatible for Editor in 0.96 ms, found 3 plugins.
Preloading 0 native plugins for Editor in 0.00 ms.
Mono: successfully reloaded assembly
- Completed reload, in  1.354 seconds
Domain Reload Profiling:
	ReloadAssembly (1355ms)
		BeginReloadAssembly (180ms)
			ExecutionOrderSort (0ms)
			DisableScriptedObjects (7ms)
			BackupInstance (0ms)
			ReleaseScriptingObjects (0ms)
			CreateAndSetChildDomain (48ms)
		EndReloadAssembly (1036ms)
			LoadAssemblies (126ms)
			RebuildTransferFunctionScriptingTraits (0ms)
			SetupTypeCache (356ms)
			ReleaseScriptCaches (2ms)
			RebuildScriptCaches (61ms)
			SetupLoadedEditorAssemblies (442ms)
				LogAssemblyErrors (0ms)
				InitializePlatformSupportModulesInManaged (16ms)
				SetLoadedEditorAssemblies (1ms)
				RefreshPlugins (1ms)
				BeforeProcessingInitializeOnLoad (90ms)
				ProcessInitializeOnLoadAttributes (281ms)
				ProcessInitializeOnLoadMethodAttributes (43ms)
				AfterProcessingInitializeOnLoad (10ms)
				EditorAssembliesLoaded (0ms)
			ExecutionOrderSort2 (0ms)
			AwakeInstancesAfterBackupRestoration (6ms)
Platform modules already initialized, skipping
Refreshing native plugins compatible for Editor in 2.36 ms, found 3 plugins.
Preloading 0 native plugins for Editor in 0.00 ms.
Unloading 3388 Unused Serialized files (Serialized files now loaded: 0)
Unloading 18 unused Assets / (24.6 KB). Loaded Objects now: 3873.
Memory consumption went from 117.8 MB to 117.8 MB.
Total: 4.782700 ms (FindLiveObjects: 0.496000 ms CreateObjectMapping: 0.306400 ms MarkObjects: 3.896300 ms  DeleteObjects: 0.082600 ms)

AssetImportParameters requested are different than current active one (requested -> active):
  custom:video-decoder-ogg-theora: a1e56fd34408186e4bbccfd4996cb3dc -> 
  custom:container-muxer-webm: aa71ff27fc2769a1b78a27578f13a17b -> 
  custom:container-demuxer-webm: 4f35f7cbe854078d1ac9338744f61a02 -> 
  custom:video-encoder-webm-vp8: eb34c28f22e8b96e1ab97ce403110664 -> 
  custom:audio-encoder-webm-vorbis: bf7c407c2cedff20999df2af8eb42d56 -> 
  custom:framework-win-MediaFoundation: 216162199b28c13a410421893ffa2e32 -> 
  custom:container-demuxer-ogg: 62fdf1f143b41e24485cea50d1cbac27 -> 
  custom:video-decoder-webm-vp8: 9c59270c3fd7afecdb556c50c9e8de78 -> 
  custom:audio-decoder-ogg-vorbis: bf7c407c2cedff20999df2af8eb42d56 -> 
